<?xml version="1.0" encoding="UTF-8"?>
<!-- Generated by org.testng.reporters.JUnitReportReporter -->
<testsuite hostname="DESKTOP-CKAQ2CJ" failures="0" tests="3" name="com.crm.qa.testcases.LoginPageTest" time="24.691" errors="0" timestamp="25 Sep 2020 23:52:01 GMT" skipped="0">
  <testcase classname="com.crm.qa.testcases.LoginPageTest" name="verifyLogoTest" time="7.361"/>
  <testcase classname="com.crm.qa.testcases.LoginPageTest" name="loginTest" time="9.999"/>
  <testcase classname="com.crm.qa.testcases.LoginPageTest" name="validateLoginPageTitleTest" time="7.331"/>
</testsuite> <!-- com.crm.qa.testcases.LoginPageTest -->
