<?xml version="1.0" encoding="UTF-8"?>
<!-- Generated by org.testng.reporters.JUnitReportReporter -->
<testsuite hostname="DESKTOP-CKAQ2CJ" failures="0" tests="3" name="com.crm.qa.testcases.HomePageTest" time="33.165" errors="0" timestamp="26 Sep 2020 02:29:16 GMT" skipped="0">
  <testcase classname="com.crm.qa.testcases.HomePageTest" name="verifyUserNameTest" time="11.052"/>
  <testcase classname="com.crm.qa.testcases.HomePageTest" name="verifyHomePageTitleTest" time="9.859"/>
  <testcase classname="com.crm.qa.testcases.HomePageTest" name="verifyclickOnContactsLickTest" time="12.254"/>
</testsuite> <!-- com.crm.qa.testcases.HomePageTest -->
