<?xml version="1.0" encoding="UTF-8"?>
<!-- Generated by org.testng.reporters.JUnitReportReporter -->
<testsuite hostname="DESKTOP-CKAQ2CJ" failures="0" tests="1" name="com.crm.qa.testcases.ContactsPageTest" time="11.686" errors="0" timestamp="26 Sep 2020 03:20:05 GMT" skipped="0">
  <testcase classname="com.crm.qa.testcases.ContactsPageTest" name="clickOnContactStartWithKTest" time="11.686"/>
</testsuite> <!-- com.crm.qa.testcases.ContactsPageTest -->
