<?xml version="1.0" encoding="UTF-8"?>
<!-- Generated by org.testng.reporters.JUnitReportReporter -->
<testsuite hostname="DGGF3WJH2" failures="0" tests="2" name="com.crm.qa.testcases.LoginPageTest" time="17.825" errors="0" timestamp="25 Sep 2020 14:48:50 GMT" skipped="0">
  <testcase classname="com.crm.qa.testcases.LoginPageTest" name="loginTest" time="12.205"/>
  <testcase classname="com.crm.qa.testcases.LoginPageTest" name="validateLoginPageTitleTest" time="5.620"/>
</testsuite> <!-- com.crm.qa.testcases.LoginPageTest -->
